2026-02-23T11:26:52.034+05:30  INFO 16588 --- [school] [restartedMain] com.sc.SchoolApplication                 : Starting SchoolApplication using Java 24.0.1 with PID 16588 (C:\Users\kunash\Downloads\school_backend_v1_0 1 (1)\school_backend_v1_0 1\school_backend_v1_0 1\school_backend_v1_0\target\classes started by kunash in C:\Users\kunash\Downloads\school_backend_v1_0 1 (1)\school_backend_v1_0 1\school_backend_v1_0 1\school_backend_v1_0)
2026-02-23T11:26:52.048+05:30  INFO 16588 --- [school] [restartedMain] com.sc.SchoolApplication                 : No active profile set, falling back to 1 default profile: "default"
2026-02-23T11:26:52.183+05:30  INFO 16588 --- [school] [restartedMain] o.s.b.devtools.restart.ChangeableUrls    : The Class-Path manifest attribute in C:\Users\kunash\.m2\repository\io\github\cdimascio\java-dotenv\5.2.2\java-dotenv-5.2.2.jar referenced one or more files that do not exist: file:/C:/Users/kunash/.m2/repository/io/github/cdimascio/java-dotenv/5.2.2/kotlin-stdlib-1.4.0.jar,file:/C:/Users/kunash/.m2/repository/io/github/cdimascio/java-dotenv/5.2.2/kotlin-stdlib-common-1.4.0.jar,file:/C:/Users/kunash/.m2/repository/io/github/cdimascio/java-dotenv/5.2.2/annotations-13.0.jar
2026-02-23T11:26:52.184+05:30  INFO 16588 --- [school] [restartedMain] .e.DevToolsPropertyDefaultsPostProcessor : Devtools property defaults active! Set 'spring.devtools.add-properties' to 'false' to disable
2026-02-23T11:26:52.185+05:30  INFO 16588 --- [school] [restartedMain] .e.DevToolsPropertyDefaultsPostProcessor : For additional web related logging consider setting the 'logging.level.web' property to 'DEBUG'
2026-02-23T11:26:57.252+05:30  INFO 16588 --- [school] [restartedMain] .s.d.r.c.RepositoryConfigurationDelegate : Bootstrapping Spring Data JPA repositories in DEFAULT mode.
2026-02-23T11:26:57.436+05:30  INFO 16588 --- [school] [restartedMain] .s.d.r.c.RepositoryConfigurationDelegate : Finished Spring Data repository scanning in 166 ms. Found 13 JPA repository interfaces.
2026-02-23T11:26:58.611+05:30  INFO 16588 --- [school] [restartedMain] o.s.boot.tomcat.TomcatWebServer          : Tomcat initialized with port 8084 (http)
2026-02-23T11:26:58.638+05:30  INFO 16588 --- [school] [restartedMain] o.apache.catalina.core.StandardService   : Starting service [Tomcat]
2026-02-23T11:26:58.639+05:30  INFO 16588 --- [school] [restartedMain] o.apache.catalina.core.StandardEngine    : Starting Servlet engine: [Apache Tomcat/11.0.15]
2026-02-23T11:26:58.733+05:30  INFO 16588 --- [school] [restartedMain] b.w.c.s.WebApplicationContextInitializer : Root WebApplicationContext: initialization completed in 6546 ms
2026-02-23T11:26:58.995+05:30  INFO 16588 --- [school] [restartedMain] org.hibernate.orm.jpa                    : HHH008540: Processing PersistenceUnitInfo [name: default]
2026-02-23T11:26:59.155+05:30  INFO 16588 --- [school] [restartedMain] org.hibernate.orm.core                   : HHH000001: Hibernate ORM core version 7.2.0.Final
2026-02-23T11:27:00.226+05:30  INFO 16588 --- [school] [restartedMain] o.s.o.j.p.SpringPersistenceUnitInfo      : No LoadTimeWeaver setup: ignoring JPA class transformer
2026-02-23T11:27:00.282+05:30  INFO 16588 --- [school] [restartedMain] com.zaxxer.hikari.HikariDataSource       : HikariPool-1 - Starting...
2026-02-23T11:27:00.604+05:30  INFO 16588 --- [school] [restartedMain] com.zaxxer.hikari.pool.HikariPool        : HikariPool-1 - Added connection com.mysql.cj.jdbc.ConnectionImpl@3324d001
2026-02-23T11:27:00.607+05:30  INFO 16588 --- [school] [restartedMain] com.zaxxer.hikari.HikariDataSource       : HikariPool-1 - Start completed.
2026-02-23T11:27:00.779+05:30  INFO 16588 --- [school] [restartedMain] org.hibernate.orm.connections.pooling    : HHH10001005: Database info:
	Database JDBC URL [jdbc:mysql://localhost:3306/school_db?useSSL=false&serverTimezone=UTC&allowPublicKeyRetrieval=true]
	Database driver: MySQL Connector/J
	Database dialect: MySQLDialect
	Database version: 8.0.41
	Default catalog/schema: school_db/undefined
	Autocommit mode: undefined/unknown
	Isolation level: REPEATABLE_READ [default REPEATABLE_READ]
	JDBC fetch size: none
	Pool: DataSourceConnectionProvider
	Minimum pool size: undefined/unknown
	Maximum pool size: undefined/unknown
2026-02-23T11:27:01.122+05:30  WARN 16588 --- [school] [restartedMain] org.hibernate.orm.deprecation            : HHH90000033: Encountered use of deprecated annotation [interface jakarta.persistence.Temporal] at com.sc.entity.ClassEntity.createdAt.
2026-02-23T11:27:01.124+05:30  WARN 16588 --- [school] [restartedMain] org.hibernate.orm.deprecation            : HHH90000033: Encountered use of deprecated annotation [interface jakarta.persistence.Temporal] at com.sc.entity.ClassEntity.updatedAt.
2026-02-23T11:27:01.157+05:30  WARN 16588 --- [school] [restartedMain] org.hibernate.orm.deprecation            : HHH90000033: Encountered use of deprecated annotation [interface jakarta.persistence.Temporal] at com.sc.entity.FeesEntity.createdAt.
2026-02-23T11:27:01.159+05:30  WARN 16588 --- [school] [restartedMain] org.hibernate.orm.deprecation            : HHH90000033: Encountered use of deprecated annotation [interface jakarta.persistence.Temporal] at com.sc.entity.FeesEntity.updatedAt.
2026-02-23T11:27:01.169+05:30  WARN 16588 --- [school] [restartedMain] org.hibernate.orm.deprecation            : HHH90000033: Encountered use of deprecated annotation [interface jakarta.persistence.Temporal] at com.sc.entity.NotificationEntity.createdAt.
2026-02-23T11:27:01.170+05:30  WARN 16588 --- [school] [restartedMain] org.hibernate.orm.deprecation            : HHH90000033: Encountered use of deprecated annotation [interface jakarta.persistence.Temporal] at com.sc.entity.NotificationEntity.deliveredDate.
2026-02-23T11:27:01.170+05:30  WARN 16588 --- [school] [restartedMain] org.hibernate.orm.deprecation            : HHH90000033: Encountered use of deprecated annotation [interface jakarta.persistence.Temporal] at com.sc.entity.NotificationEntity.dueDate.
2026-02-23T11:27:01.171+05:30  WARN 16588 --- [school] [restartedMain] org.hibernate.orm.deprecation            : HHH90000033: Encountered use of deprecated annotation [interface jakarta.persistence.Temporal] at com.sc.entity.NotificationEntity.readAt.
2026-02-23T11:27:01.172+05:30  WARN 16588 --- [school] [restartedMain] org.hibernate.orm.deprecation            : HHH90000033: Encountered use of deprecated annotation [interface jakarta.persistence.Temporal] at com.sc.entity.NotificationEntity.sentDate.
2026-02-23T11:27:01.173+05:30  WARN 16588 --- [school] [restartedMain] org.hibernate.orm.deprecation            : HHH90000033: Encountered use of deprecated annotation [interface jakarta.persistence.Temporal] at com.sc.entity.NotificationEntity.updatedAt.
2026-02-23T11:27:01.186+05:30  WARN 16588 --- [school] [restartedMain] org.hibernate.orm.deprecation            : HHH90000033: Encountered use of deprecated annotation [interface jakarta.persistence.Temporal] at com.sc.entity.StudentEntity.admissionDate.
2026-02-23T11:27:01.187+05:30  WARN 16588 --- [school] [restartedMain] org.hibernate.orm.deprecation            : HHH90000033: Encountered use of deprecated annotation [interface jakarta.persistence.Temporal] at com.sc.entity.StudentEntity.createdAt.
2026-02-23T11:27:01.188+05:30  WARN 16588 --- [school] [restartedMain] org.hibernate.orm.deprecation            : HHH90000033: Encountered use of deprecated annotation [interface jakarta.persistence.Temporal] at com.sc.entity.StudentEntity.dateOfBirth.
2026-02-23T11:27:01.195+05:30  WARN 16588 --- [school] [restartedMain] org.hibernate.orm.deprecation            : HHH90000033: Encountered use of deprecated annotation [interface jakarta.persistence.Temporal] at com.sc.entity.StudentEntity.updatedAt.
2026-02-23T11:27:01.200+05:30  WARN 16588 --- [school] [restartedMain] org.hibernate.orm.deprecation            : HHH90000033: Encountered use of deprecated annotation [interface jakarta.persistence.Temporal] at com.sc.entity.SubjectEntity.createdAt.
2026-02-23T11:27:01.203+05:30  WARN 16588 --- [school] [restartedMain] org.hibernate.orm.deprecation            : HHH90000033: Encountered use of deprecated annotation [interface jakarta.persistence.Temporal] at com.sc.entity.SubjectEntity.updatedAt.
2026-02-23T11:27:01.216+05:30  WARN 16588 --- [school] [restartedMain] org.hibernate.orm.deprecation            : HHH90000033: Encountered use of deprecated annotation [interface jakarta.persistence.Temporal] at com.sc.entity.TeacherEntity.createdAt.
2026-02-23T11:27:01.217+05:30  WARN 16588 --- [school] [restartedMain] org.hibernate.orm.deprecation            : HHH90000033: Encountered use of deprecated annotation [interface jakarta.persistence.Temporal] at com.sc.entity.TeacherEntity.dob.
2026-02-23T11:27:01.219+05:30  WARN 16588 --- [school] [restartedMain] org.hibernate.orm.deprecation            : HHH90000033: Encountered use of deprecated annotation [interface jakarta.persistence.Temporal] at com.sc.entity.TeacherEntity.joiningDate.
2026-02-23T11:27:01.220+05:30  WARN 16588 --- [school] [restartedMain] org.hibernate.orm.deprecation            : HHH90000033: Encountered use of deprecated annotation [interface jakarta.persistence.Temporal] at com.sc.entity.TeacherEntity.lastUpdated.
2026-02-23T11:27:03.235+05:30  INFO 16588 --- [school] [restartedMain] org.hibernate.orm.core                   : HHH000489: No JTA platform available (set 'hibernate.transaction.jta.platform' to enable JTA platform integration)
2026-02-23T11:27:03.629+05:30  INFO 16588 --- [school] [restartedMain] j.LocalContainerEntityManagerFactoryBean : Initialized JPA EntityManagerFactory for persistence unit 'default'
2026-02-23T11:27:03.757+05:30  INFO 16588 --- [school] [restartedMain] o.s.d.j.r.query.QueryEnhancerFactories   : Hibernate is in classpath; If applicable, HQL parser will be used.
2026-02-23T11:27:07.059+05:30  INFO 16588 --- [school] [restartedMain] com.sc.security.SecurityConfig           : SecurityConfig bean initialized with JwtFilter and UserDetailsService
2026-02-23T11:27:07.101+05:30 DEBUG 16588 --- [school] [restartedMain] com.sc.security.SecurityConfig           : BCryptPasswordEncoder bean created (default strength = 10)
2026-02-23T11:27:07.103+05:30 DEBUG 16588 --- [school] [restartedMain] com.sc.security.SecurityConfig           : DaoAuthenticationProvider bean created with custom UserDetailsService
2026-02-23T11:27:07.108+05:30  INFO 16588 --- [school] [restartedMain] eAuthenticationProviderManagerConfigurer : Global AuthenticationManager configured with AuthenticationProvider bean with name authenticationProvider
2026-02-23T11:27:07.109+05:30  WARN 16588 --- [school] [restartedMain] r$InitializeUserDetailsManagerConfigurer : Global AuthenticationManager configured with an AuthenticationProvider bean. UserDetailsService beans will not be used by Spring Security for automatically configuring username/password login. Consider removing the AuthenticationProvider bean. Alternatively, consider using the UserDetailsService in a manually instantiated DaoAuthenticationProvider. If the current configuration is intentional, to turn off this warning, increase the logging level of 'org.springframework.security.config.annotation.authentication.configuration.InitializeUserDetailsBeanManagerConfigurer' to ERROR
2026-02-23T11:27:07.110+05:30 DEBUG 16588 --- [school] [restartedMain] com.sc.security.SecurityConfig           : AuthenticationManager bean created from configuration
2026-02-23T11:27:07.111+05:30  INFO 16588 --- [school] [restartedMain] com.sc.security.AuthController           : AuthController initialized
2026-02-23T11:27:07.135+05:30  WARN 16588 --- [school] [restartedMain] JpaBaseConfiguration$JpaWebConfiguration : spring.jpa.open-in-view is enabled by default. Therefore, database queries may be performed during view rendering. Explicitly configure spring.jpa.open-in-view to disable this warning
2026-02-23T11:27:07.418+05:30  INFO 16588 --- [school] [restartedMain] com.sc.security.SecurityConfig           : Configuring SecurityFilterChain - stateless JWT authentication
2026-02-23T11:27:07.420+05:30 DEBUG 16588 --- [school] [restartedMain] com.sc.security.SecurityConfig           : CSRF protection disabled (stateless API)
2026-02-23T11:27:07.453+05:30  INFO 16588 --- [school] [restartedMain] com.sc.security.SecurityConfig           : Authorization rules applied: /api/admin/auth/** → permitAll, /api/admin/** → authenticated, all others → permitAll
2026-02-23T11:27:07.454+05:30 DEBUG 16588 --- [school] [restartedMain] com.sc.security.SecurityConfig           : Session management set to STATELESS
2026-02-23T11:27:07.456+05:30  INFO 16588 --- [school] [restartedMain] com.sc.security.SecurityConfig           : SecurityFilterChain configuration completed successfully
2026-02-23T11:27:07.714+05:30 DEBUG 16588 --- [school] [restartedMain] s.w.s.m.m.a.RequestMappingHandlerMapping : 177 mappings in 'requestMappingHandlerMapping'
2026-02-23T11:27:07.754+05:30 DEBUG 16588 --- [school] [restartedMain] o.s.w.s.handler.SimpleUrlHandlerMapping  : Patterns [/webjars/**, /**] in 'resourceHandlerMapping'
2026-02-23T11:27:07.814+05:30 DEBUG 16588 --- [school] [restartedMain] s.w.s.m.m.a.RequestMappingHandlerAdapter : ControllerAdvice beans: 0 @ModelAttribute, 0 @InitBinder, 1 RequestBodyAdvice, 1 ResponseBodyAdvice
2026-02-23T11:27:07.894+05:30 DEBUG 16588 --- [school] [restartedMain] .m.m.a.ExceptionHandlerExceptionResolver : ControllerAdvice beans: 1 @ExceptionHandler, 1 ResponseBodyAdvice
2026-02-23T11:27:08.172+05:30  INFO 16588 --- [school] [restartedMain] o.s.boot.tomcat.TomcatWebServer          : Tomcat started on port 8084 (http) with context path '/'
2026-02-23T11:27:08.185+05:30  INFO 16588 --- [school] [restartedMain] com.sc.SchoolApplication                 : Started SchoolApplication in 17.17 seconds (process running for 19.408)
2026-02-23T12:00:00.070+05:30  INFO 16588 --- [school] [scheduling-1] c.s.s.s.NotificationServiceImpl          : ⏰ CHECKING FOR INSTALLMENTS WITH PASSED DUE DATES...
2026-02-23T12:00:00.072+05:30  INFO 16588 --- [school] [scheduling-1] c.s.s.s.NotificationServiceImpl          : Current date: 2026-02-23
2026-02-23T12:00:00.482+05:30  INFO 16588 --- [school] [scheduling-1] c.s.s.s.NotificationServiceImpl          : Found 2 due installments for student: STU2024012
2026-02-23T12:00:05.729+05:30  INFO 16588 --- [school] [scheduling-1] c.s.s.serviceImpl.EmailServiceImpl       : Overdue reminder email sent successfully to: nikitajamdhade14@gmail.com
2026-02-23T12:00:05.730+05:30  INFO 16588 --- [school] [scheduling-1] c.s.s.s.NotificationServiceImpl          : ✅ Overdue reminder sent for installment #2 (676 days overdue)
2026-02-23T12:00:09.723+05:30  INFO 16588 --- [school] [scheduling-1] c.s.s.serviceImpl.EmailServiceImpl       : Overdue reminder email sent successfully to: nikitajamdhade14@gmail.com
2026-02-23T12:00:09.725+05:30  INFO 16588 --- [school] [scheduling-1] c.s.s.s.NotificationServiceImpl          : ✅ Overdue reminder sent for installment #3 (646 days overdue)
2026-02-23T12:00:09.792+05:30  INFO 16588 --- [school] [scheduling-1] c.s.s.s.NotificationServiceImpl          : Found 2 due installments for student: STU2024015
2026-02-23T12:00:14.021+05:30  INFO 16588 --- [school] [scheduling-1] c.s.s.serviceImpl.EmailServiceImpl       : Overdue reminder email sent successfully to: jamdhadenikita9@gmail.com
2026-02-23T12:00:14.022+05:30  INFO 16588 --- [school] [scheduling-1] c.s.s.s.NotificationServiceImpl          : ✅ Overdue reminder sent for installment #2 (676 days overdue)
2026-02-23T12:00:18.217+05:30  INFO 16588 --- [school] [scheduling-1] c.s.s.serviceImpl.EmailServiceImpl       : Overdue reminder email sent successfully to: jamdhadenikita9@gmail.com
2026-02-23T12:00:18.218+05:30  INFO 16588 --- [school] [scheduling-1] c.s.s.s.NotificationServiceImpl          : ✅ Overdue reminder sent for installment #3 (646 days overdue)
2026-02-23T12:00:18.269+05:30  INFO 16588 --- [school] [scheduling-1] c.s.s.s.NotificationServiceImpl          : Found 3 due installments for student: STU2024014
2026-02-23T12:00:21.852+05:30  INFO 16588 --- [school] [scheduling-1] c.s.s.serviceImpl.EmailServiceImpl       : Overdue reminder email sent successfully to: kunashmedia4@gmail.com
2026-02-23T12:00:21.853+05:30  INFO 16588 --- [school] [scheduling-1] c.s.s.s.NotificationServiceImpl          : ✅ Overdue reminder sent for installment #2 (744 days overdue)
2026-02-23T12:00:25.526+05:30  INFO 16588 --- [school] [scheduling-1] c.s.s.serviceImpl.EmailServiceImpl       : Overdue reminder email sent successfully to: kunashmedia4@gmail.com
2026-02-23T12:00:25.527+05:30  INFO 16588 --- [school] [scheduling-1] c.s.s.s.NotificationServiceImpl          : ✅ Overdue reminder sent for installment #3 (715 days overdue)
2026-02-23T12:00:29.174+05:30  INFO 16588 --- [school] [scheduling-1] c.s.s.serviceImpl.EmailServiceImpl       : Overdue reminder email sent successfully to: kunashmedia4@gmail.com
2026-02-23T12:00:29.175+05:30  INFO 16588 --- [school] [scheduling-1] c.s.s.s.NotificationServiceImpl          : ✅ Overdue reminder sent for installment #4 (684 days overdue)
2026-02-23T12:00:29.266+05:30  INFO 16588 --- [school] [scheduling-1] c.s.s.s.NotificationServiceImpl          : Found 3 due installments for student: STU2024013
2026-02-23T12:00:33.374+05:30  INFO 16588 --- [school] [scheduling-1] c.s.s.serviceImpl.EmailServiceImpl       : Overdue reminder email sent successfully to: nikitajamdhade14@gmail.com
2026-02-23T12:00:33.376+05:30  INFO 16588 --- [school] [scheduling-1] c.s.s.s.NotificationServiceImpl          : ✅ Overdue reminder sent for installment #2 (679 days overdue)
2026-02-23T12:00:37.059+05:30  INFO 16588 --- [school] [scheduling-1] c.s.s.serviceImpl.EmailServiceImpl       : Overdue reminder email sent successfully to: nikitajamdhade14@gmail.com
2026-02-23T12:00:37.059+05:30  INFO 16588 --- [school] [scheduling-1] c.s.s.s.NotificationServiceImpl          : ✅ Overdue reminder sent for installment #3 (649 days overdue)
2026-02-23T12:00:40.953+05:30  INFO 16588 --- [school] [scheduling-1] c.s.s.serviceImpl.EmailServiceImpl       : Overdue reminder email sent successfully to: nikitajamdhade14@gmail.com
2026-02-23T12:00:40.954+05:30  INFO 16588 --- [school] [scheduling-1] c.s.s.s.NotificationServiceImpl          : ✅ Overdue reminder sent for installment #4 (618 days overdue)
2026-02-23T12:00:41.065+05:30  INFO 16588 --- [school] [scheduling-1] c.s.s.s.NotificationServiceImpl          : Found 3 due installments for student: STU2024055
2026-02-23T12:00:45.148+05:30  INFO 16588 --- [school] [scheduling-1] c.s.s.serviceImpl.EmailServiceImpl       : Overdue reminder email sent successfully to: nikitajamdhade14@gmail.com
2026-02-23T12:00:45.148+05:30  INFO 16588 --- [school] [scheduling-1] c.s.s.s.NotificationServiceImpl          : ✅ Overdue reminder sent for installment #2 (679 days overdue)
2026-02-23T12:00:49.346+05:30  INFO 16588 --- [school] [scheduling-1] c.s.s.serviceImpl.EmailServiceImpl       : Overdue reminder email sent successfully to: nikitajamdhade14@gmail.com
2026-02-23T12:00:49.347+05:30  INFO 16588 --- [school] [scheduling-1] c.s.s.s.NotificationServiceImpl          : ✅ Overdue reminder sent for installment #3 (649 days overdue)
2026-02-23T12:00:53.342+05:30  INFO 16588 --- [school] [scheduling-1] c.s.s.serviceImpl.EmailServiceImpl       : Overdue reminder email sent successfully to: nikitajamdhade14@gmail.com
2026-02-23T12:00:53.342+05:30  INFO 16588 --- [school] [scheduling-1] c.s.s.s.NotificationServiceImpl          : ✅ Overdue reminder sent for installment #4 (618 days overdue)
2026-02-23T12:00:53.343+05:30  INFO 16588 --- [school] [scheduling-1] c.s.s.s.NotificationServiceImpl          : ✅✅ DUE DATE CHECK COMPLETED - Found: 13, Emails Sent: 13
2026-02-23T13:00:00.004+05:30  INFO 16588 --- [school] [scheduling-1] c.s.s.s.NotificationServiceImpl          : ⏰ CHECKING FOR INSTALLMENTS WITH PASSED DUE DATES...
2026-02-23T13:00:00.006+05:30  INFO 16588 --- [school] [scheduling-1] c.s.s.s.NotificationServiceImpl          : Current date: 2026-02-23
2026-02-23T13:00:00.151+05:30  INFO 16588 --- [school] [scheduling-1] c.s.s.s.NotificationServiceImpl          : ✅✅ DUE DATE CHECK COMPLETED - Found: 0, Emails Sent: 0
2026-02-23T14:08:50.869+05:30  WARN 16588 --- [school] [HikariPool-1:housekeeper] com.zaxxer.hikari.pool.HikariPool        : HikariPool-1 - Thread starvation or clock leap detected (housekeeper delta=51m19s960ms588µs200ns).
2026-02-23T14:50:49.960+05:30  INFO 16588 --- [school] [scheduling-1] c.s.s.s.NotificationServiceImpl          : ⏰ CHECKING FOR INSTALLMENTS WITH PASSED DUE DATES...
2026-02-23T14:50:49.960+05:30  INFO 16588 --- [school] [scheduling-1] c.s.s.s.NotificationServiceImpl          : Current date: 2026-02-23
2026-02-23T14:50:50.091+05:30  INFO 16588 --- [school] [scheduling-1] c.s.s.s.NotificationServiceImpl          : ✅✅ DUE DATE CHECK COMPLETED - Found: 0, Emails Sent: 0
2026-02-23T15:00:00.003+05:30  INFO 16588 --- [school] [scheduling-1] c.s.s.s.NotificationServiceImpl          : ⏰ CHECKING FOR INSTALLMENTS WITH PASSED DUE DATES...
2026-02-23T15:00:00.003+05:30  INFO 16588 --- [school] [scheduling-1] c.s.s.s.NotificationServiceImpl          : Current date: 2026-02-23
2026-02-23T15:00:00.124+05:30  INFO 16588 --- [school] [scheduling-1] c.s.s.s.NotificationServiceImpl          : ✅✅ DUE DATE CHECK COMPLETED - Found: 0, Emails Sent: 0
